<?xml version="1.0" encoding="UTF-8"?>
<testng-results ignored="0" total="1" passed="1" failed="0" skipped="0">
  <reporter-output>
  </reporter-output>
  <suite started-at="2023-05-10T13:56:08 EET" name="Default suite" finished-at="2023-05-10T13:56:29 EET" duration-ms="21322">
    <groups>
    </groups>
    <test started-at="2023-05-10T13:56:08 EET" name="Default test" finished-at="2023-05-10T13:56:29 EET" duration-ms="21322">
      <class name="appium1.openchrome">
        <test-method is-config="true" signature="beforetest()[pri:0, instance:appium1.openchrome@6dc17b83]" started-at="2023-05-10T13:56:08 EET" name="beforetest" finished-at="2023-05-10T13:56:08 EET" duration-ms="12" status="PASS">
          <reporter-output>
          </reporter-output>
        </test-method> <!-- beforetest -->
        <test-method signature="testAppium2()[pri:0, instance:appium1.openchrome@6dc17b83]" started-at="2023-05-10T13:56:08 EET" name="testAppium2" finished-at="2023-05-10T13:56:29 EET" duration-ms="21280" status="PASS">
          <reporter-output>
          </reporter-output>
        </test-method> <!-- testAppium2 -->
      </class> <!-- appium1.openchrome -->
    </test> <!-- Default test -->
  </suite> <!-- Default suite -->
</testng-results>
